0   -1.0
0   -1.0
0   1.0
0   1.0
1   -1.0002467046050978
1   -1.0002467046050976
1   1.0002467046050976
1   1.0002467046050978
2   -1.0009863927831755
2   -1.0009863927831755
2   1.0009863927831755
2   1.0009863927831755
3   -1.0022177907780925
3   -1.0022177907780925
3   1.0022177907780925
3   1.0022177907780925
4   -1.0039387861253861
4   -1.0039387861253861
4   1.0039387861253861
4   1.0039387861253861
5   -1.0061464431520335
5   -1.0061464431520333
5   1.0061464431520333
5   1.0061464431520335
6   -1.0088370242946478
6   -1.0088370242946478
6   1.0088370242946478
6   1.0088370242946478
7   -1.01200601686911
7   -1.01200601686911
7   1.01200601686911
7   1.01200601686911
8   -1.0156481648396205
8   -1.0156481648396205
8   1.0156481648396205
8   1.0156481648396205
9   -1.0197575050637135
9   -1.0197575050637135
9   1.0197575050637135
9   1.0197575050637135
10   -1.0243274074335067
10   -1.0243274074335065
10   1.0243274074335065
10   1.0243274074335067
11   -1.0293506182933514
11   -1.0293506182933512
11   1.0293506182933512
11   1.0293506182933514
12   -1.034819306490387
12   -1.034819306490387
12   1.034819306490387
12   1.034819306490387
13   -1.0407251114069156
13   -1.0407251114069156
13   1.0407251114069156
13   1.0407251114069156
14   -1.0470591923310786
14   -1.0470591923310784
14   1.0470591923310784
14   1.0470591923310786
15   -1.053812278543619
15   -1.0538122785436188
15   1.0538122785436188
15   1.053812278543619
16   -1.06097471953175
16   -1.06097471953175
16   1.06097471953175
16   1.06097471953175
17   -1.068536534784285
17   -1.068536534784285
17   1.068536534784285
17   1.068536534784285
18   -1.0764874626730345
18   -1.0764874626730343
18   1.0764874626730343
18   1.0764874626730345
19   -1.084817007981844
19   -1.0848170079818438
19   1.0848170079818438
19   1.084817007981844
20   -1.093514487704386
20   -1.0935144877043859
20   1.0935144877043859
20   1.093514487704386
21   -1.1025690747929668
21   -1.1025690747929666
21   1.1025690747929666
21   1.1025690747929668
22   -1.1119698396013706
22   -1.1119698396013706
22   1.1119698396013706
22   1.1119698396013706
23   -1.1217057888236697
23   -1.1217057888236697
23   1.1217057888236697
23   1.1217057888236697
24   -1.1317659017866701
24   -1.1317659017866701
24   1.1317659017866701
24   1.1317659017866701
25   -1.1421391640053558
25   -1.1421391640053558
25   1.1421391640053558
25   1.1421391640053558
26   -1.1528145979575708
26   -1.1528145979575708
26   1.1528145979575708
26   1.1528145979575708
27   -1.1637812910758703
27   -1.16378129107587
27   1.16378129107587
27   1.1637812910758703
28   -1.1750284209907107
28   -1.1750284209907105
28   1.1750284209907105
28   1.1750284209907107
29   -1.1865452780899421
29   -1.186545278089942
29   1.186545278089942
29   1.1865452780899421
30   -1.1983212854850442
30   -1.1983212854850442
30   1.1983212854850442
30   1.1983212854850442
31   -1.2103460164949633
31   -1.2103460164949633
31   1.2103460164949633
31   1.2103460164949633
32   -1.2226092097741397
32   -1.2226092097741397
32   1.2226092097741397
32   1.2226092097741397
33   -1.2351007822227447
33   -1.2351007822227447
33   1.2351007822227447
33   1.2351007822227447
34   -1.2478108398247811
34   -1.2478108398247811
34   1.2478108398247811
34   1.2478108398247811
35   -1.2607296865639483
35   -1.2607296865639481
35   1.2607296865639481
35   1.2607296865639483
36   -1.2738478315685668
36   -1.2738478315685668
36   1.2738478315685668
36   1.2738478315685668
37   -1.2871559946358173
37   -1.287155994635817
37   1.287155994635817
37   1.2871559946358173
38   -1.3006451102824907
38   -1.3006451102824905
38   1.3006451102824905
38   1.3006451102824907
39   -1.3143063304648221
39   -1.3143063304648221
39   1.3143063304648221
39   1.3143063304648221
40   -1.328131026104055
40   -1.328131026104055
40   1.328131026104055
40   1.328131026104055
41   -1.3421107875476002
41   -1.3421107875476
41   1.3421107875476
41   1.3421107875476002
42   -1.3562374240881419
42   -1.3562374240881419
42   1.3562374240881419
42   1.3562374240881419
43   -1.3705029626552003
43   -1.3705029626552
43   1.3705029626552
43   1.3705029626552003
44   -1.3848996457855147
44   -1.3848996457855145
44   1.3848996457855145
44   1.3848996457855147
45   -1.3994199289705276
45   -1.3994199289705274
45   1.3994199289705274
45   1.3994199289705276
46   -1.414056477471166
46   -1.4140564774711657
46   1.4140564774711657
46   1.414056477471166
47   -1.4288021626822804
47   -1.42880216268228
47   1.42880216268228
47   1.4288021626822804
48   -1.4436500581215501
48   -1.44365005812155
48   1.44365005812155
48   1.4436500581215501
49   -1.4585934351104306
49   -1.4585934351104304
49   1.4585934351104304
49   1.4585934351104306
50   -1.4736257582079006
50   -1.4736257582079006
50   1.4736257582079006
50   1.4736257582079006
51   -1.4887406804513483
51   -1.488740680451348
51   1.488740680451348
51   1.4887406804513483
52   -1.50393203845295
52   -1.5039320384529495
52   1.5039320384529495
52   1.50393203845295
53   -1.5191938473943698
53   -1.5191938473943698
53   1.5191938473943698
53   1.5191938473943698
54   -1.5345202959574673
54   -1.534520295957467
54   1.534520295957467
54   1.5345202959574673
55   -1.549905741224048
55   -1.549905741224048
55   1.549905741224048
55   1.549905741224048
56   -1.5653447035733825
56   -1.5653447035733825
56   1.5653447035733825
56   1.5653447035733825
57   -1.5808318616023591
57   -1.5808318616023591
57   1.5808318616023591
57   1.5808318616023591
58   -1.5963620470895992
58   -1.596362047089599
58   1.596362047089599
58   1.5963620470895992
59   -1.6119302400217148
59   -1.6119302400217146
59   1.6119302400217146
59   1.6119302400217148
60   -1.6275315636970327
60   -1.6275315636970324
60   1.6275315636970324
60   1.6275315636970327
61   -1.6431612799195596
61   -1.6431612799195596
61   1.6431612799195596
61   1.6431612799195596
62   -1.6588147842937375
62   -1.6588147842937373
62   1.6588147842937373
62   1.6588147842937375
63   -1.6744876016284722
63   -1.674487601628472
63   1.674487601628472
63   1.6744876016284722
64   -1.6901753814572067
64   -1.6901753814572067
64   1.6901753814572067
64   1.6901753814572067
65   -1.7058738936791913
65   -1.7058738936791913
65   1.7058738936791913
65   1.7058738936791913
66   -1.7215790243257834
66   -1.7215790243257834
66   1.7215790243257834
66   1.7215790243257834
67   -1.7372867714543763
67   -1.737286771454376
67   1.737286771454376
67   1.7372867714543763
68   -1.7529932411715512
68   -1.7529932411715508
68   1.7529932411715508
68   1.7529932411715512
69   -1.7686946437861193
69   -1.7686946437861188
69   1.7686946437861188
69   1.7686946437861193
70   -1.7843872900919842
70   -1.7843872900919842
70   1.7843872900919842
70   1.7843872900919842
71   -1.8000675877800643
71   -1.8000675877800643
71   1.8000675877800643
71   1.8000675877800643
72   -1.8157320379779913
72   -1.815732037977991
72   1.815732037977991
72   1.8157320379779913
73   -1.8313772319157966
73   -1.8313772319157966
73   1.8313772319157966
73   1.8313772319157966
74   -1.8469998477154455
74   -1.8469998477154452
74   1.8469998477154452
74   1.8469998477154455
75   -1.8625966473017292
75   -1.862596647301729
75   1.862596647301729
75   1.8625966473017292
76   -1.8781644734317835
76   -1.8781644734317833
76   1.8781644734317833
76   1.8781644734317835
77   -1.8937002468402893
77   -1.893700246840289
77   1.893700246840289
77   1.8937002468402893
78   -1.9092009634972518
78   -1.9092009634972518
78   1.9092009634972518
78   1.9092009634972518
79   -1.924663691975147
79   -1.9246636919751468
79   1.9246636919751468
79   1.924663691975147
80   -1.9400855709221205
80   -1.9400855709221205
80   1.9400855709221205
80   1.9400855709221205
81   -1.9554638066378998
81   -1.9554638066378995
81   1.9554638066378995
81   1.9554638066378998
82   -1.970795670749021
82   -1.9707956707490208
82   1.9707956707490208
82   1.970795670749021
83   -1.9860784979800044
83   -1.9860784979800041
83   1.9860784979800041
83   1.9860784979800044
84   -2.001309684017089
84   -2.0013096840170888
84   2.0013096840170888
84   2.001309684017089
85   -2.0164866834612076
85   -2.016486683461207
85   2.016486683461207
85   2.0164866834612076
86   -2.0316070078668833
86   -2.031607007866883
86   2.031607007866883
86   2.0316070078668833
87   -2.0466682238638367
87   -2.0466682238638363
87   2.0466682238638363
87   2.0466682238638367
88   -2.061667951358099
88   -2.061667951358099
88   2.061667951358099
88   2.061667951358099
89   -2.076603861809556
89   -2.076603861809556
89   2.076603861809556
89   2.076603861809556
90   -2.091473676582872
90   -2.0914736765828716
90   2.0914736765828716
90   2.091473676582872
91   -2.1062751653688725
91   -2.106275165368872
91   2.106275165368872
91   2.1062751653688725
92   -2.121006144673509
92   -2.121006144673509
92   2.121006144673509
92   2.121006144673509
93   -2.135664476371656
93   -2.135664476371656
93   2.135664476371656
93   2.135664476371656
94   -2.1502480663230332
94   -2.150248066323033
94   2.150248066323033
94   2.1502480663230332
95   -2.1647548630476896
95   -2.164754863047689
95   2.164754863047689
95   2.1647548630476896
96   -2.1791828564585276
96   -2.179182856458527
96   2.179182856458527
96   2.1791828564585276
97   -2.193530076648467
97   -2.193530076648467
97   2.193530076648467
97   2.193530076648467
98   -2.207794592729923
98   -2.207794592729923
98   2.207794592729923
98   2.207794592729923
99   -2.2219745117243623
99   -2.2219745117243623
99   2.2219745117243623
99   2.2219745117243623
100   -2.23606797749979
100   -2.23606797749979
100   2.23606797749979
100   2.23606797749979
101   -2.2500731697541045
101   -2.250073169754104
101   2.250073169754104
101   2.2500731697541045
102   -2.2639883030423356
102   -2.2639883030423356
102   2.2639883030423356
102   2.2639883030423356
103   -2.277811625845862
103   -2.277811625845862
103   2.277811625845862
103   2.277811625845862
104   -2.2915414196817947
104   -2.2915414196817943
104   2.2915414196817943
104   2.2915414196817947
105   -2.3051759982507583
105   -2.3051759982507583
105   2.3051759982507583
105   2.3051759982507583
106   -2.318713706621423
106   -2.318713706621423
106   2.318713706621423
106   2.318713706621423
107   -2.332152920450154
107   -2.3321529204501537
107   2.3321529204501537
107   2.332152920450154
108   -2.3454920452342654
108   -2.3454920452342654
108   2.3454920452342654
108   2.3454920452342654
109   -2.358729515597397
109   -2.358729515597397
109   2.358729515597397
109   2.358729515597397
110   -2.3718637946056105
110   -2.3718637946056105
110   2.3718637946056105
110   2.3718637946056105
111   -2.384893373112861
111   -2.3848933731128605
111   2.3848933731128605
111   2.384893373112861
112   -2.3978167691345598
112   -2.3978167691345598
112   2.3978167691345598
112   2.3978167691345598
113   -2.410632527247994
113   -2.4106325272479934
113   2.4106325272479934
113   2.410632527247994
114   -2.423339218018429
114   -2.423339218018429
114   2.423339218018429
114   2.423339218018429
115   -2.435935437449775
115   -2.435935437449774
115   2.435935437449774
115   2.435935437449775
116   -2.448419806458733
116   -2.4484198064587326
116   2.4484198064587326
116   2.448419806458733
117   -2.460790970371415
117   -2.4607909703714146
117   2.4607909703714146
117   2.460790970371415
118   -2.4730475984414286
118   -2.4730475984414286
118   2.4730475984414286
118   2.4730475984414286
119   -2.485188383388514
119   -2.485188383388514
119   2.485188383388514
119   2.485188383388514
120   -2.497212040956833
120   -2.497212040956833
120   2.497212040956833
120   2.497212040956833
121   -2.509117309492045
121   -2.5091173094920447
121   2.5091173094920447
121   2.509117309492045
122   -2.5209029495363695
122   -2.520902949536369
122   2.520902949536369
122   2.5209029495363695
123   -2.5325677434408402
123   -2.5325677434408402
123   2.5325677434408402
123   2.5325677434408402
124   -2.5441104949940194
124   -2.5441104949940194
124   2.5441104949940194
124   2.5441104949940194
125   -2.5555300290664476
125   -2.5555300290664476
125   2.5555300290664476
125   2.5555300290664476
126   -2.5668251912701656
126   -2.566825191270165
126   2.566825191270165
126   2.5668251912701656
127   -2.577994847632639
127   -2.577994847632639
127   2.577994847632639
127   2.577994847632639
128   -2.589037884284487
128   -2.589037884284487
128   2.589037884284487
128   2.589037884284487
129   -2.599953207160402
129   -2.599953207160402
129   2.599953207160402
129   2.599953207160402
130   -2.6107397417127176
130   -2.610739741712717
130   2.610739741712717
130   2.6107397417127176
131   -2.621396432637058
131   -2.621396432637058
131   2.621396432637058
131   2.621396432637058
132   -2.6319222436095755
132   -2.6319222436095755
132   2.6319222436095755
132   2.6319222436095755
133   -2.642316157035269
133   -2.6423161570352685
133   2.6423161570352685
133   2.642316157035269
134   -2.652577173806916
134   -2.652577173806916
134   2.652577173806916
134   2.652577173806916
135   -2.6627043130741717
135   -2.6627043130741717
135   2.6627043130741717
135   2.6627043130741717
136   -2.6726966120223947
136   -2.6726966120223943
136   2.6726966120223943
136   2.6726966120223947
137   -2.6825531256608
137   -2.6825531256607995
137   2.6825531256607995
137   2.6825531256608
138   -2.692272926619536
138   -2.692272926619536
138   2.692272926619536
138   2.692272926619536
139   -2.7018551049553183
139   -2.7018551049553183
139   2.7018551049553183
139   2.7018551049553183
140   -2.711298767965252
140   -2.711298767965252
140   2.711298767965252
140   2.711298767965252
141   -2.720603040008508
141   -2.7206030400085077
141   2.7206030400085077
141   2.720603040008508
142   -2.7297670623355224
142   -2.729767062335522
142   2.729767062335522
142   2.7297670623355224
143   -2.7387899929243975
143   -2.738789992924397
143   2.738789992924397
143   2.7387899929243975
144   -2.7476710063242216
144   -2.747671006324221
144   2.747671006324221
144   2.7476710063242216
145   -2.756409293505
145   -2.756409293505
145   2.756409293505
145   2.756409293505
146   -2.765004061713944
146   -2.765004061713944
146   2.765004061713944
146   2.765004061713944
147   -2.7734545343378345
147   -2.773454534337834
147   2.773454534337834
147   2.7734545343378345
148   -2.78175995077123
148   -2.78175995077123
148   2.78175995077123
148   2.78175995077123
149   -2.7899195662902643
149   -2.7899195662902643
149   2.7899195662902643
149   2.7899195662902643
150   -2.7979326519318133
150   -2.7979326519318133
150   2.7979326519318133
150   2.7979326519318133
151   -2.805798494377805
151   -2.8057984943778047
151   2.8057984943778047
151   2.805798494377805
152   -2.8135163958444687
152   -2.813516395844468
152   2.813516395844468
152   2.8135163958444687
153   -2.8210856739763224
153   -2.821085673976322
153   2.821085673976322
153   2.8210856739763224
154   -2.828505661744703
154   -2.8285056617447024
154   2.8285056617447024
154   2.828505661744703
155   -2.835775707350658
155   -2.8357757073506575
155   2.8357757073506575
155   2.835775707350658
156   -2.842895174132025
156   -2.842895174132025
156   2.842895174132025
156   2.842895174132025
157   -2.849863440474529
157   -2.849863440474529
157   2.849863440474529
157   2.849863440474529
158   -2.8566798997267373
158   -2.856679899726737
158   2.856679899726737
158   2.8566798997267373
159   -2.863343960118722
159   -2.8633439601187214
159   2.8633439601187214
159   2.863343960118722
160   -2.8698550446842765
160   -2.869855044684276
160   2.869855044684276
160   2.8698550446842765
161   -2.876212591186558
161   -2.8762125911865577
161   2.8762125911865577
161   2.876212591186558
162   -2.882416052047006
162   -2.882416052047005
162   2.882416052047005
162   2.882416052047006
163   -2.8884648942774227
163   -2.8884648942774223
163   2.8884648942774223
163   2.8884648942774227
164   -2.8943585994150864
164   -2.8943585994150864
164   2.8943585994150864
164   2.8943585994150864
165   -2.9000966634607837
165   -2.9000966634607828
165   2.9000966634607828
165   2.9000966634607837
166   -2.905678596819644
166   -2.905678596819644
166   2.905678596819644
166   2.905678596819644
167   -2.9111039242446783
167   -2.9111039242446783
167   2.9111039242446783
167   2.9111039242446783
168   -2.916372184782912
168   -2.9163721847829116
168   2.9163721847829116
168   2.916372184782912
169   -2.92148293172402
169   -2.92148293172402
169   2.92148293172402
169   2.92148293172402
170   -2.92643573255137
170   -2.9264357325513695
170   2.9264357325513695
170   2.92643573255137
171   -2.931230168895384
171   -2.9312301688953837
171   2.9312301688953837
171   2.931230168895384
172   -2.9358658364891403
172   -2.93586583648914
172   2.93586583648914
172   2.9358658364891403
173   -2.9403423451261217
173   -2.9403423451261217
173   2.9403423451261217
173   2.9403423451261217
174   -2.944659318620055
174   -2.9446593186200545
174   2.9446593186200545
174   2.944659318620055
175   -2.948816394766746
175   -2.9488163947667454
175   2.9488163947667454
175   2.948816394766746
176   -2.95281322530786
176   -2.95281322530786
176   2.95281322530786
176   2.95281322530786
177   -2.9566494758965716
177   -2.956649475896571
177   2.956649475896571
177   2.9566494758965716
178   -2.960324826065022
178   -2.9603248260650217
178   2.9603248260650217
178   2.960324826065022
179   -2.963838969193533
179   -2.9638389691935325
179   2.9638389691935325
179   2.963838969193533
180   -2.9671916124815083
180   -2.9671916124815083
180   2.9671916124815083
180   2.9671916124815083
181   -2.9703824769199874
181   -2.9703824769199874
181   2.9703824769199874
181   2.9703824769199874
182   -2.9734112972657805
182   -2.97341129726578
182   2.97341129726578
182   2.9734112972657805
183   -2.9762778220171575
183   -2.976277822017157
183   2.976277822017157
183   2.9762778220171575
184   -2.978981813391033
184   -2.9789818133910324
184   2.9789818133910324
184   2.978981813391033
185   -2.981523047301615
185   -2.9815230473016148
185   2.9815230473016148
185   2.981523047301615
186   -2.9839013133404713
186   -2.9839013133404713
186   2.9839013133404713
186   2.9839013133404713
187   -2.9861164147579817
187   -2.9861164147579813
187   2.9861164147579813
187   2.9861164147579817
188   -2.9881681684461396
188   -2.988168168446139
188   2.988168168446139
188   2.9881681684461396
189   -2.9900564049226723
189   -2.990056404922672
189   2.990056404922672
189   2.9900564049226723
190   -2.9917809683164562
190   -2.991780968316456
190   2.991780968316456
190   2.9917809683164562
191   -2.993341716354187
191   -2.9933417163541867
191   2.9933417163541867
191   2.993341716354187
192   -2.9947385203482977
192   -2.9947385203482972
192   2.9947385203482972
192   2.9947385203482977
193   -2.995971265186087
193   -2.9959712651860864
193   2.9959712651860864
193   2.995971265186087
194   -2.9970398493200454
194   -2.9970398493200454
194   2.9970398493200454
194   2.9970398493200454
195   -2.997944184759368
195   -2.997944184759368
195   2.997944184759368
195   2.997944184759368
196   -2.9986841970626195
196   -2.9986841970626195
196   2.9986841970626195
196   2.9986841970626195
197   -2.9992598253315568
197   -2.9992598253315568
197   2.9992598253315568
197   2.9992598253315568
198   -2.99967102220609
198   -2.9996710222060896
198   2.9996710222060896
198   2.99967102220609
199   -2.999917753860369
199   -2.9999177538603687
199   2.9999177538603687
199   2.999917753860369
200   -3.0
200   -3.0
200   3.0
200   3.0
201   -2.9999170801411306
201   -2.99991708014113
201   2.99991708014113
201   2.9999170801411306
202   -2.999668327440225
202   -2.999668327440225
202   2.999668327440225
202   2.999668327440225
203   -2.9992537625238214
203   -2.9992537625238205
203   2.9992537625238205
203   2.9992537625238214
204   -2.998673419767585
204   -2.998673419767585
204   2.998673419767585
204   2.998673419767585
205   -2.997927347293455
205   -2.997927347293455
205   2.997927347293455
205   2.997927347293455
206   -2.997015606965656
206   -2.9970156069656557
206   2.9970156069656557
206   2.997015606965656
207   -2.995938274385567
207   -2.9959382743855665
207   2.9959382743855665
207   2.995938274385567
208   -2.994695438885453
208   -2.9946954388854525
208   2.9946954388854525
208   2.994695438885453
209   -2.993287203521059
209   -2.9932872035210587
209   2.9932872035210587
209   2.993287203521059
210   -2.9917136850630626
210   -2.9917136850630626
210   2.9917136850630626
210   2.9917136850630626
211   -2.989975013987392
211   -2.9899750139873915
211   2.9899750139873915
211   2.989975013987392
212   -2.9880713344644074
212   -2.9880713344644074
212   2.9880713344644074
212   2.9880713344644074
213   -2.9860028043469464
213   -2.986002804346946
213   2.986002804346946
213   2.9860028043469464
214   -2.9837695951572343
214   -2.983769595157234
214   2.983769595157234
214   2.9837695951572343
215   -2.9813718920726617
215   -2.9813718920726613
215   2.9813718920726613
215   2.9813718920726617
216   -2.97880989391043
216   -2.97880989391043
216   2.97880989391043
216   2.97880989391043
217   -2.976083813111066
217   -2.9760838131110656
217   2.9760838131110656
217   2.976083813111066
218   -2.973193875720804
218   -2.9731938757208036
218   2.9731938757208036
218   2.973193875720804
219   -2.9701403213728446
219   -2.9701403213728446
219   2.9701403213728446
219   2.9701403213728446
220   -2.9669234032674843
220   -2.966923403267484
220   2.966923403267484
220   2.9669234032674843
221   -2.9635433881511175
221   -2.963543388151117
221   2.963543388151117
221   2.9635433881511175
222   -2.9600005562941205
222   -2.96000055629412
222   2.96000055629412
222   2.9600005562941205
223   -2.956295201467612
223   -2.956295201467611
223   2.956295201467611
223   2.956295201467612
224   -2.952427630919089
224   -2.952427630919089
224   2.952427630919089
224   2.952427630919089
225   -2.9483981653469584
225   -2.948398165346958
225   2.948398165346958
225   2.9483981653469584
226   -2.9442071388739346
226   -2.9442071388739346
226   2.9442071388739346
226   2.9442071388739346
227   -2.939854899019343
227   -2.9398548990193425
227   2.9398548990193425
227   2.939854899019343
228   -2.935341806670296
228   -2.935341806670295
228   2.935341806670295
228   2.935341806670296
229   -2.930668236051776
229   -2.9306682360517757
229   2.9306682360517757
229   2.930668236051776
230   -2.9258345746955987
230   -2.9258345746955983
230   2.9258345746955983
230   2.9258345746955987
231   -2.9208412234082815
231   -2.920841223408281
231   2.920841223408281
231   2.9208412234082815
232   -2.9156885962378083
232   -2.915688596237808
232   2.915688596237808
232   2.9156885962378083
233   -2.9103771204392963
233   -2.910377120439296
233   2.910377120439296
233   2.9103771204392963
234   -2.9049072364395703
234   -2.90490723643957
234   2.90490723643957
234   2.9049072364395703
235   -2.8992793978006386
235   -2.8992793978006386
235   2.8992793978006386
235   2.8992793978006386
236   -2.8934940711820873
236   -2.8934940711820873
236   2.8934940711820873
236   2.8934940711820873
237   -2.887551736302384
237   -2.8875517363023833
237   2.8875517363023833
237   2.887551736302384
238   -2.8814528858990966
238   -2.881452885899096
238   2.881452885899096
238   2.8814528858990966
239   -2.8751980256880407
239   -2.8751980256880403
239   2.8751980256880403
239   2.8751980256880407
240   -2.868787674321342
240   -2.868787674321342
240   2.868787674321342
240   2.868787674321342
241   -2.862222363344432
241   -2.8622223633444315
241   2.8622223633444315
241   2.862222363344432
242   -2.8555026371519694
242   -2.855502637151969
242   2.855502637151969
242   2.8555026371519694
243   -2.848629052942701
243   -2.8486290529427007
243   2.8486290529427007
243   2.848629052942701
244   -2.8416021806732616
244   -2.8416021806732616
244   2.8416021806732616
244   2.8416021806732616
245   -2.834422603010906
245   -2.8344226030109057
245   2.8344226030109057
245   2.834422603010906
246   -2.827090915285202
246   -2.8270909152852015
246   2.8270909152852015
246   2.827090915285202
247   -2.8196077254386602
247   -2.81960772543866
247   2.81960772543866
247   2.8196077254386602
248   -2.8119736539763274
248   -2.8119736539763265
248   2.8119736539763265
248   2.8119736539763274
249   -2.8041893339143313
249   -2.804189333914331
249   2.804189333914331
249   2.8041893339143313
250   -2.7962554107273925
250   -2.796255410727392
250   2.796255410727392
250   2.7962554107273925
251   -2.7881725422953023
251   -2.7881725422953014
251   2.7881725422953014
251   2.7881725422953023
252   -2.7799413988483708
252   -2.7799413988483708
252   2.7799413988483708
252   2.7799413988483708
253   -2.771562662911851
253   -2.7715626629118506
253   2.7715626629118506
253   2.771562662911851
254   -2.7630370292493436
254   -2.763037029249343
254   2.763037029249343
254   2.7630370292493436
255   -2.7543652048051888
255   -2.7543652048051883
255   2.7543652048051883
255   2.7543652048051888
256   -2.7455479086458454
256   -2.7455479086458454
256   2.7455479086458454
256   2.7455479086458454
257   -2.736585871900268
257   -2.736585871900267
257   2.736585871900267
257   2.736585871900268
258   -2.7274798376992764
258   -2.7274798376992764
258   2.7274798376992764
258   2.7274798376992764
259   -2.7182305611139435
259   -2.7182305611139435
259   2.7182305611139435
259   2.7182305611139435
260   -2.708838809092977
260   -2.7088388090929767
260   2.7088388090929767
260   2.708838809092977
261   -2.69930536039913
261   -2.69930536039913
261   2.69930536039913
261   2.69930536039913
262   -2.689631005544622
262   -2.689631005544622
262   2.689631005544622
262   2.689631005544622
263   -2.6798165467255934
263   -2.679816546725593
263   2.679816546725593
263   2.6798165467255934
264   -2.6698627977555827
264   -2.669862797755582
264   2.669862797755582
264   2.6698627977555827
265   -2.6597705839980503
265   -2.6597705839980503
265   2.6597705839980503
265   2.6597705839980503
266   -2.649540742297937
266   -2.649540742297937
266   2.649540742297937
266   2.649540742297937
267   -2.6391741209122728
267   -2.6391741209122728
267   2.6391741209122728
267   2.6391741209122728
268   -2.62867157943984
268   -2.6286715794398394
268   2.6286715794398394
268   2.62867157943984
269   -2.618033988749895
269   -2.618033988749895
269   2.618033988749895
269   2.618033988749895
270   -2.607262230909956
270   -2.607262230909956
270   2.607262230909956
270   2.607262230909956
271   -2.596357199112665
271   -2.5963571991126644
271   2.5963571991126644
271   2.596357199112665
272   -2.5853197976017164
272   -2.5853197976017164
272   2.5853197976017164
272   2.5853197976017164
273   -2.5741509415968884
273   -2.574150941596888
273   2.574150941596888
273   2.5741509415968884
274   -2.562851557218143
274   -2.562851557218143
274   2.562851557218143
274   2.562851557218143
275   -2.55142258140884
275   -2.5514225814088394
275   2.5514225814088394
275   2.55142258140884
276   -2.5398649618580382
276   -2.5398649618580382
276   2.5398649618580382
276   2.5398649618580382
277   -2.528179656921922
277   -2.5281796569219215
277   2.5281796569219215
277   2.528179656921922
278   -2.5163676355443254
278   -2.5163676355443254
278   2.5163676355443254
278   2.5163676355443254
279   -2.5044298771763955
279   -2.5044298771763955
279   2.5044298771763955
279   2.5044298771763955
280   -2.492367371695371
280   -2.4923673716953707
280   2.4923673716953707
280   2.492367371695371
281   -2.4801811193225043
281   -2.4801811193225034
281   2.4801811193225034
281   2.4801811193225043
282   -2.467872130540121
282   -2.467872130540121
282   2.467872130540121
282   2.467872130540121
283   -2.4554414260078348
283   -2.4554414260078348
283   2.4554414260078348
283   2.4554414260078348
284   -2.4428900364779116
284   -2.442890036477911
284   2.442890036477911
284   2.4428900364779116
285   -2.4302190027097987
285   -2.4302190027097983
285   2.4302190027097983
285   2.4302190027097987
286   -2.4174293753838283
286   -2.4174293753838283
286   2.4174293753838283
286   2.4174293753838283
287   -2.4045222150140946
287   -2.404522215014094
287   2.404522215014094
287   2.4045222150140946
288   -2.3914985918605116
288   -2.391498591860511
288   2.391498591860511
288   2.3914985918605116
289   -2.3783595858400743
289   -2.3783595858400743
289   2.3783595858400743
289   2.3783595858400743
290   -2.365106286437308
290   -2.365106286437308
290   2.365106286437308
290   2.365106286437308
291   -2.351739792613928
291   -2.3517397926139276
291   2.3517397926139276
291   2.351739792613928
292   -2.3382612127177165
292   -2.3382612127177156
292   2.3382612127177156
292   2.3382612127177165
293   -2.3246716643906153
293   -2.324671664390615
293   2.324671664390615
293   2.3246716643906153
294   -2.3109722744760544
294   -2.3109722744760544
294   2.3109722744760544
294   2.3109722744760544
295   -2.2971641789255117
295   -2.2971641789255117
295   2.2971641789255117
295   2.2971641789255117
296   -2.2832485227043224
296   -2.283248522704322
296   2.283248522704322
296   2.2832485227043224
297   -2.2692264596967346
297   -2.2692264596967346
297   2.2692264596967346
297   2.2692264596967346
298   -2.255099152610237
298   -2.2550991526102364
298   2.2550991526102364
298   2.255099152610237
299   -2.240867772879136
299   -2.2408677728791355
299   2.2408677728791355
299   2.240867772879136
300   -2.2265335005674327
300   -2.2265335005674327
300   2.2265335005674327
300   2.2265335005674327
301   -2.212097524270963
301   -2.2120975242709626
301   2.2120975242709626
301   2.212097524270963
302   -2.197561041018845
302   -2.197561041018845
302   2.197561041018845
302   2.197561041018845
303   -2.1829252561742174
303   -2.1829252561742174
303   2.1829252561742174
303   2.1829252561742174
304   -2.1681913833342956
304   -2.168191383334295
304   2.168191383334295
304   2.1681913833342956
305   -2.153360644229734
305   -2.1533606442297337
305   2.1533606442297337
305   2.153360644229734
306   -2.138434268623328
306   -2.1384342686233277
306   2.1384342686233277
306   2.138434268623328
307   -2.1234134942080347
307   -2.1234134942080343
307   2.1234134942080343
307   2.1234134942080347
308   -2.1082995665043494
308   -2.1082995665043494
308   2.1082995665043494
308   2.1082995665043494
309   -2.093093738757025
309   -2.0930937387570245
309   2.0930937387570245
309   2.093093738757025
310   -2.0777972718311513
310   -2.077797271831151
310   2.077797271831151
310   2.0777972718311513
311   -2.0624114341076067
311   -2.0624114341076063
311   2.0624114341076063
311   2.0624114341076067
312   -2.046937501377885
312   -2.0469375013778848
312   2.0469375013778848
312   2.046937501377885
313   -2.0313767567383034
313   -2.031376756738303
313   2.031376756738303
313   2.0313767567383034
314   -2.0157304904836124
314   -2.015730490483612
314   2.015730490483612
314   2.0157304904836124
315   -2.0
315   -1.9999999999999998
315   1.9999999999999998
315   2.0
316   -1.9841865896575184
316   -1.9841865896575184
316   1.9841865896575184
316   1.9841865896575184
317   -1.9682915707019204
317   -1.9682915707019204
317   1.9682915707019204
317   1.9682915707019204
318   -1.9523162611459364
318   -1.9523162611459361
318   1.9523162611459361
318   1.9523162611459364
319   -1.936261985659978
319   -1.936261985659978
319   1.936261985659978
319   1.936261985659978
320   -1.9201300754623043
320   -1.9201300754623039
320   1.9201300754623039
320   1.9201300754623043
321   -1.9039218682086314
321   -1.9039218682086312
321   1.9039218682086312
321   1.9039218682086314
322   -1.8876387078812171
322   -1.887638707881217
322   1.887638707881217
322   1.8876387078812171
323   -1.8712819446774183
323   -1.8712819446774183
323   1.8712819446774183
323   1.8712819446774183
324   -1.8548529348977312
324   -1.8548529348977312
324   1.8548529348977312
324   1.8548529348977312
325   -1.8383530408333284
325   -1.8383530408333282
325   1.8383530408333282
325   1.8383530408333284
326   -1.8217836306530966
326   -1.8217836306530961
326   1.8217836306530961
326   1.8217836306530966
327   -1.805146078290189
327   -1.8051460782901885
327   1.8051460782901885
327   1.805146078290189
328   -1.788441763328101
328   -1.788441763328101
328   1.788441763328101
328   1.788441763328101
329   -1.771672070886271
329   -1.771672070886271
329   1.771672070886271
329   1.771672070886271
330   -1.7548383915052288
330   -1.7548383915052286
330   1.7548383915052286
330   1.7548383915052288
331   -1.7379421210312938
331   -1.7379421210312935
331   1.7379421210312935
331   1.7379421210312938
332   -1.720984660500829
332   -1.7209846605008288
332   1.7209846605008288
332   1.720984660500829
333   -1.703967416024069
333   -1.7039674160240688
333   1.7039674160240688
333   1.703967416024069
334   -1.6868917986685228
334   -1.6868917986685228
334   1.6868917986685228
334   1.6868917986685228
335   -1.669759224341972
335   -1.6697592243419719
335   1.6697592243419719
335   1.669759224341972
336   -1.6525711136750625
336   -1.6525711136750625
336   1.6525711136750625
336   1.6525711136750625
337   -1.635328891903505
337   -1.6353288919035047
337   1.6353288919035047
337   1.635328891903505
338   -1.618033988749895
338   -1.618033988749895
338   1.618033988749895
338   1.618033988749895
339   -1.6006878383051608
339   -1.6006878383051608
339   1.6006878383051608
339   1.6006878383051608
340   -1.5832918789096497
340   -1.5832918789096495
340   1.5832918789096495
340   1.5832918789096497
341   -1.56584755303386
341   -1.5658475530338598
341   1.5658475530338598
341   1.56584755303386
342   -1.5483563071588307
342   -1.5483563071588307
342   1.5483563071588307
342   1.5483563071588307
343   -1.5308195916562017
343   -1.5308195916562017
343   1.5308195916562017
343   1.5308195916562017
344   -1.5132388606679468
344   -1.5132388606679466
344   1.5132388606679466
344   1.5132388606679468
345   -1.4956155719857995
345   -1.4956155719857995
345   1.4956155719857995
345   1.4956155719857995
346   -1.4779511869303696
346   -1.4779511869303694
346   1.4779511869303694
346   1.4779511869303696
347   -1.4602471702299729
347   -1.4602471702299729
347   1.4602471702299729
347   1.4602471702299729
348   -1.4425049898991749
348   -1.4425049898991749
348   1.4425049898991749
348   1.4425049898991749
349   -1.4247261171170658
349   -1.4247261171170658
349   1.4247261171170658
349   1.4247261171170658
350   -1.4069120261052679
350   -1.4069120261052674
350   1.4069120261052674
350   1.4069120261052679
351   -1.3890641940056918
351   -1.3890641940056916
351   1.3890641940056916
351   1.3890641940056918
352   -1.3711841007580583
352   -1.3711841007580579
352   1.3711841007580579
352   1.3711841007580583
353   -1.353273228977174
353   -1.3532732289771738
353   1.3532732289771738
353   1.353273228977174
354   -1.3353330638300018
354   -1.3353330638300018
354   1.3353330638300018
354   1.3353330638300018
355   -1.3173650929125023
355   -1.3173650929125023
355   1.3173650929125023
355   1.3173650929125023
356   -1.2993708061262883
356   -1.2993708061262883
356   1.2993708061262883
356   1.2993708061262883
357   -1.2813516955550803
357   -1.2813516955550803
357   1.2813516955550803
357   1.2813516955550803
358   -1.2633092553409848
358   -1.2633092553409846
358   1.2633092553409846
358   1.2633092553409848
359   -1.245244981560597
359   -1.2452449815605968
359   1.2452449815605968
359   1.245244981560597
360   -1.2271603721009494
360   -1.2271603721009494
360   1.2271603721009494
360   1.2271603721009494
361   -1.209056926535307
361   -1.2090569265353068
361   1.2090569265353068
361   1.209056926535307
362   -1.1909361459988201
362   -1.19093614599882
362   1.19093614599882
362   1.1909361459988201
363   -1.172799533064054
363   -1.1727995330640537
363   1.1727995330640537
363   1.172799533064054
364   -1.1546485916163938
364   -1.1546485916163935
364   1.1546485916163935
364   1.1546485916163938
365   -1.136484826729342
365   -1.136484826729342
365   1.136484826729342
365   1.136484826729342
366   -1.1183097445397199
366   -1.1183097445397197
366   1.1183097445397197
366   1.1183097445397199
367   -1.1001248521227776
367   -1.1001248521227776
367   1.1001248521227776
367   1.1001248521227776
368   -1.081931657367228
368   -1.081931657367228
368   1.081931657367228
368   1.081931657367228
369   -1.0637316688502134
369   -1.0637316688502132
369   1.0637316688502132
369   1.0637316688502134
370   -1.045526395712211
370   -1.0455263957122107
370   1.0455263957122107
370   1.045526395712211
371   -1.027317347531902
371   -1.027317347531902
371   1.027317347531902
371   1.027317347531902
372   -1.0091060342009908
372   -1.0091060342009903
372   1.0091060342009903
372   1.0091060342009908
373   -0.9908939657990089
373   -0.9908939657990088
373   0.9908939657990088
373   0.9908939657990089
374   -0.9726826524680975
374   -0.9726826524680972
374   0.9726826524680972
374   0.9726826524680975
375   -0.954473604287788
375   -0.9544736042877879
375   0.9544736042877879
375   0.954473604287788
376   -0.9362683311497864
376   -0.9362683311497864
376   0.9362683311497864
376   0.9362683311497864
377   -0.9180683426327713
377   -0.9180683426327712
377   0.9180683426327712
377   0.9180683426327713
378   -0.8998751478772218
378   -0.8998751478772217
378   0.8998751478772217
378   0.8998751478772218
379   -0.881690255460279
379   -0.8816902554602789
379   0.8816902554602789
379   0.881690255460279
380   -0.8635151732706577
380   -0.8635151732706576
380   0.8635151732706576
380   0.8635151732706577
381   -0.8453514083836065
381   -0.8453514083836063
381   0.8453514083836063
381   0.8453514083836065
382   -0.8272004669359452
382   -0.8272004669359452
382   0.8272004669359452
382   0.8272004669359452
383   -0.8090638540011799
383   -0.8090638540011799
383   0.8090638540011799
383   0.8090638540011799
384   -0.7909430734646924
384   -0.7909430734646924
384   0.7909430734646924
384   0.7909430734646924
385   -0.7728396278990499
385   -0.7728396278990498
385   0.7728396278990498
385   0.7728396278990499
386   -0.7547550184394025
386   -0.7547550184394024
386   0.7547550184394024
386   0.7547550184394025
387   -0.7366907446590147
387   -0.7366907446590147
387   0.7366907446590147
387   0.7366907446590147
388   -0.7186483044449188
388   -0.7186483044449188
388   0.7186483044449188
388   0.7186483044449188
389   -0.7006291938737113
389   -0.7006291938737111
389   0.7006291938737111
389   0.7006291938737113
390   -0.6826349070874971
390   -0.682634907087497
390   0.682634907087497
390   0.6826349070874971
391   -0.6646669361699976
391   -0.6646669361699976
391   0.6646669361699976
391   0.6646669361699976
392   -0.6467267710228248
392   -0.6467267710228248
392   0.6467267710228248
392   0.6467267710228248
393   -0.6288158992419418
393   -0.6288158992419417
393   0.6288158992419417
393   0.6288158992419418
394   -0.6109358059943073
394   -0.6109358059943072
394   0.6109358059943072
394   0.6109358059943073
395   -0.5930879738947323
395   -0.5930879738947323
395   0.5930879738947323
395   0.5930879738947323
396   -0.5752738828829339
396   -0.5752738828829339
396   0.5752738828829339
396   0.5752738828829339
397   -0.5574950101008248
397   -0.5574950101008247
397   0.5574950101008247
397   0.5574950101008248
398   -0.5397528297700265
398   -0.5397528297700265
398   0.5397528297700265
398   0.5397528297700265
399   -0.5220488130696298
399   -0.5220488130696298
399   0.5220488130696298
399   0.5220488130696298
400   -0.5043844280142005
400   -0.5043844280142004
400   0.5043844280142004
400   0.5043844280142005
401   -0.4867611393320524
401   -0.48676113933205234
401   0.48676113933205234
401   0.4867611393320524
402   -0.46918040834379765
402   -0.46918040834379765
402   0.46918040834379765
402   0.46918040834379765
403   -0.4516436928411688
403   -0.45164369284116873
403   0.45164369284116873
403   0.4516436928411688
404   -0.43415244696613997
404   -0.4341524469661399
404   0.4341524469661399
404   0.43415244696613997
405   -0.4167081210903497
405   -0.4167081210903496
405   0.4167081210903496
405   0.4167081210903497
406   -0.39931216169483863
406   -0.3993121616948386
406   0.3993121616948386
406   0.39931216169483863
407   -0.3819660112501049
407   -0.3819660112501049
407   0.3819660112501049
407   0.3819660112501049
408   -0.3646711080964949
408   -0.36467110809649483
408   0.36467110809649483
408   0.3646711080964949
409   -0.34742888632493696
409   -0.3474288863249369
409   0.3474288863249369
409   0.34742888632493696
410   -0.3302407756580269
410   -0.33024077565802684
410   0.33024077565802684
410   0.3302407756580269
411   -0.31310820133147677
411   -0.31310820133147677
411   0.31310820133147677
411   0.31310820133147677
412   -0.2960325839759313
412   -0.2960325839759313
412   0.2960325839759313
412   0.2960325839759313
413   -0.27901533949917007
413   -0.27901533949917
413   0.27901533949917
413   0.27901533949917007
414   -0.2620578789687057
414   -0.26205787896870564
414   0.26205787896870564
414   0.2620578789687057
415   -0.24516160849477067
415   -0.24516160849477064
415   0.24516160849477064
415   0.24516160849477067
416   -0.228327929113729
416   -0.228327929113729
416   0.228327929113729
416   0.228327929113729
417   -0.21155823667189844
417   -0.21155823667189838
417   0.21155823667189838
417   0.21155823667189844
418   -0.19485392170981042
418   -0.1948539217098104
418   0.1948539217098104
418   0.19485392170981042
419   -0.17821636934690332
419   -0.1782163693469033
419   0.1782163693469033
419   0.17821636934690332
420   -0.1616469591666716
420   -0.16164695916667157
420   0.16164695916667157
420   0.1616469591666716
421   -0.14514706510226796
421   -0.14514706510226796
421   0.14514706510226796
421   0.14514706510226796
422   -0.12871805532258102
422   -0.128718055322581
422   0.128718055322581
422   0.12871805532258102
423   -0.11236129211878257
423   -0.11236129211878255
423   0.11236129211878255
423   0.11236129211878257
424   -0.09607813179136865
424   -0.09607813179136863
424   0.09607813179136863
424   0.09607813179136865
425   -0.07986992453769506
425   -0.07986992453769505
425   0.07986992453769505
425   0.07986992453769506
426   -0.06373801434002124
426   -0.06373801434002123
426   0.06373801434002123
426   0.06373801434002124
427   -0.047683738854063434
427   -0.04768373885406343
427   0.04768373885406343
427   0.047683738854063434
428   -0.031708429298078995
428   -0.03170842929807899
428   0.03170842929807899
428   0.031708429298078995
429   -0.01581341034248095
429   -0.015813410342480946
429   0.015813410342480946
429   0.01581341034248095
430   -2.220446049250313e-16
430   -2.220446049250313e-16
430   2.220446049250313e-16
430   2.220446049250313e-16
431   -0.015730490483611956
431   -0.015730490483611952
431   0.015730490483611952
431   0.015730490483611956
432   -0.031376756738303264
432   -0.031376756738303264
432   0.031376756738303264
432   0.031376756738303264
433   -0.04693750137788485
433   -0.04693750137788485
433   0.04693750137788485
433   0.04693750137788485
434   -0.062411434107606405
434   -0.062411434107606405
434   0.062411434107606405
434   0.062411434107606405
435   -0.07779727183115086
435   -0.07779727183115086
435   0.07779727183115086
435   0.07779727183115086
436   -0.09309373875702465
436   -0.09309373875702463
436   0.09309373875702463
436   0.09309373875702465
437   -0.10829956650434946
437   -0.10829956650434946
437   0.10829956650434946
437   0.10829956650434946
438   -0.12341349420803453
438   -0.12341349420803452
438   0.12341349420803452
438   0.12341349420803453
439   -0.13843426862332783
439   -0.1384342686233278
439   0.1384342686233278
439   0.13843426862332783
440   -0.1533606442297343
440   -0.1533606442297343
440   0.1533606442297343
440   0.1533606442297343
441   -0.16819138333429548
441   -0.16819138333429545
441   0.16819138333429545
441   0.16819138333429548
442   -0.18292525617421787
442   -0.18292525617421784
442   0.18292525617421784
442   0.18292525617421787
443   -0.19756104101884503
443   -0.19756104101884503
443   0.19756104101884503
443   0.19756104101884503
444   -0.2120975242709632
444   -0.2120975242709632
444   0.2120975242709632
444   0.2120975242709632
445   -0.22653350056743274
445   -0.22653350056743274
445   0.22653350056743274
445   0.22653350056743274
446   -0.24086777287913608
446   -0.24086777287913605
446   0.24086777287913605
446   0.24086777287913608
447   -0.25509915261023663
447   -0.2550991526102366
447   0.2550991526102366
447   0.25509915261023663
448   -0.26922645969673525
448   -0.26922645969673525
448   0.26922645969673525
448   0.26922645969673525
449   -0.283248522704322
449   -0.283248522704322
449   0.283248522704322
449   0.283248522704322
450   -0.2971641789255119
450   -0.2971641789255119
450   0.2971641789255119
450   0.2971641789255119
451   -0.31097227447605424
451   -0.3109722744760542
451   0.3109722744760542
451   0.31097227447605424
452   -0.32467166439061546
452   -0.32467166439061546
452   0.32467166439061546
452   0.32467166439061546
453   -0.3382612127177162
453   -0.33826121271771614
453   0.33826121271771614
453   0.3382612127177162
454   -0.35173979261392846
454   -0.3517397926139284
454   0.3517397926139284
454   0.35173979261392846
455   -0.3651062864373081
455   -0.3651062864373081
455   0.3651062864373081
455   0.3651062864373081
456   -0.3783595858400745
456   -0.3783595858400745
456   0.3783595858400745
456   0.3783595858400745
457   -0.39149859186051145
457   -0.39149859186051145
457   0.39149859186051145
457   0.39149859186051145
458   -0.40452221501409424
458   -0.40452221501409424
458   0.40452221501409424
458   0.40452221501409424
459   -0.4174293753838287
459   -0.4174293753838287
459   0.4174293753838287
459   0.4174293753838287
460   -0.43021900270979857
460   -0.43021900270979857
460   0.43021900270979857
460   0.43021900270979857
461   -0.4428900364779112
461   -0.4428900364779112
461   0.4428900364779112
461   0.4428900364779112
462   -0.45544142600783494
462   -0.45544142600783494
462   0.45544142600783494
462   0.45544142600783494
463   -0.46787213054012083
463   -0.4678721305401208
463   0.4678721305401208
463   0.46787213054012083
464   -0.48018111932250374
464   -0.4801811193225036
464   0.4801811193225036
464   0.48018111932250374
465   -0.4923673716953709
465   -0.4923673716953709
465   0.4923673716953709
465   0.4923673716953709
466   -0.5044298771763955
466   -0.5044298771763955
466   0.5044298771763955
466   0.5044298771763955
467   -0.5163676355443254
467   -0.5163676355443254
467   0.5163676355443254
467   0.5163676355443254
468   -0.5281796569219216
468   -0.5281796569219216
468   0.5281796569219216
468   0.5281796569219216
469   -0.5398649618580385
469   -0.5398649618580383
469   0.5398649618580383
469   0.5398649618580385
470   -0.5514225814088396
470   -0.5514225814088396
470   0.5514225814088396
470   0.5514225814088396
471   -0.5628515572181432
471   -0.5628515572181432
471   0.5628515572181432
471   0.5628515572181432
472   -0.5741509415968882
472   -0.5741509415968881
472   0.5741509415968881
472   0.5741509415968882
473   -0.5853197976017165
473   -0.5853197976017165
473   0.5853197976017165
473   0.5853197976017165
474   -0.5963571991126643
474   -0.5963571991126643
474   0.5963571991126643
474   0.5963571991126643
475   -0.6072622309099565
475   -0.6072622309099563
475   0.6072622309099563
475   0.6072622309099565
476   -0.6180339887498949
476   -0.6180339887498948
476   0.6180339887498948
476   0.6180339887498949
477   -0.62867157943984
477   -0.62867157943984
477   0.62867157943984
477   0.62867157943984
478   -0.6391741209122729
478   -0.6391741209122729
478   0.6391741209122729
478   0.6391741209122729
479   -0.649540742297937
479   -0.649540742297937
479   0.649540742297937
479   0.649540742297937
480   -0.6597705839980502
480   -0.6597705839980502
480   0.6597705839980502
480   0.6597705839980502
481   -0.6698627977555824
481   -0.6698627977555823
481   0.6698627977555823
481   0.6698627977555824
482   -0.679816546725593
482   -0.679816546725593
482   0.679816546725593
482   0.679816546725593
483   -0.6896310055446222
483   -0.6896310055446221
483   0.6896310055446221
483   0.6896310055446222
484   -0.69930536039913
484   -0.6993053603991299
484   0.6993053603991299
484   0.69930536039913
485   -0.7088388090929769
485   -0.7088388090929769
485   0.7088388090929769
485   0.7088388090929769
486   -0.7182305611139433
486   -0.7182305611139432
486   0.7182305611139432
486   0.7182305611139433
487   -0.7274798376992764
487   -0.7274798376992764
487   0.7274798376992764
487   0.7274798376992764
488   -0.7365858719002675
488   -0.7365858719002674
488   0.7365858719002674
488   0.7365858719002675
489   -0.7455479086458455
489   -0.7455479086458454
489   0.7455479086458454
489   0.7455479086458455
490   -0.7543652048051884
490   -0.7543652048051884
490   0.7543652048051884
490   0.7543652048051884
491   -0.7630370292493431
491   -0.7630370292493431
491   0.7630370292493431
491   0.7630370292493431
492   -0.7715626629118508
492   -0.7715626629118507
492   0.7715626629118507
492   0.7715626629118508
493   -0.779941398848371
493   -0.7799413988483709
493   0.7799413988483709
493   0.779941398848371
494   -0.7881725422953024
494   -0.7881725422953023
494   0.7881725422953023
494   0.7881725422953024
495   -0.7962554107273921
495   -0.7962554107273921
495   0.7962554107273921
495   0.7962554107273921
496   -0.8041893339143308
496   -0.8041893339143308
496   0.8041893339143308
496   0.8041893339143308
497   -0.811973653976327
497   -0.811973653976327
497   0.811973653976327
497   0.811973653976327
498   -0.8196077254386601
498   -0.8196077254386601
498   0.8196077254386601
498   0.8196077254386601
499   -0.8270909152852017
499   -0.8270909152852017
499   0.8270909152852017
499   0.8270909152852017
500   -0.8344226030109061
500   -0.8344226030109061
500   0.8344226030109061
500   0.8344226030109061
501   -0.8416021806732614
501   -0.8416021806732613
501   0.8416021806732613
501   0.8416021806732614
502   -0.8486290529427014
502   -0.8486290529427013
502   0.8486290529427013
502   0.8486290529427014
503   -0.855502637151969
503   -0.8555026371519688
503   0.8555026371519688
503   0.855502637151969
504   -0.8622223633444318
504   -0.8622223633444317
504   0.8622223633444317
504   0.8622223633444318
505   -0.8687876743213422
505   -0.8687876743213421
505   0.8687876743213421
505   0.8687876743213422
506   -0.8751980256880405
506   -0.8751980256880405
506   0.8751980256880405
506   0.8751980256880405
507   -0.8814528858990965
507   -0.8814528858990964
507   0.8814528858990964
507   0.8814528858990965
508   -0.8875517363023837
508   -0.8875517363023836
508   0.8875517363023836
508   0.8875517363023837
509   -0.8934940711820876
509   -0.8934940711820876
509   0.8934940711820876
509   0.8934940711820876
510   -0.8992793978006386
510   -0.8992793978006386
510   0.8992793978006386
510   0.8992793978006386
511   -0.9049072364395699
511   -0.9049072364395699
511   0.9049072364395699
511   0.9049072364395699
512   -0.9103771204392962
512   -0.9103771204392962
512   0.9103771204392962
512   0.9103771204392962
513   -0.9156885962378077
513   -0.9156885962378077
513   0.9156885962378077
513   0.9156885962378077
514   -0.9208412234082811
514   -0.9208412234082811
514   0.9208412234082811
514   0.9208412234082811
515   -0.9258345746955986
515   -0.9258345746955985
515   0.9258345746955985
515   0.9258345746955986
516   -0.930668236051776
516   -0.930668236051776
516   0.930668236051776
516   0.930668236051776
517   -0.9353418066702961
517   -0.9353418066702961
517   0.9353418066702961
517   0.9353418066702961
518   -0.9398548990193426
518   -0.9398548990193425
518   0.9398548990193425
518   0.9398548990193426
519   -0.9442071388739346
519   -0.9442071388739346
519   0.9442071388739346
519   0.9442071388739346
520   -0.9483981653469581
520   -0.9483981653469579
520   0.9483981653469579
520   0.9483981653469581
521   -0.9524276309190892
521   -0.9524276309190892
521   0.9524276309190892
521   0.9524276309190892
522   -0.9562952014676114
522   -0.9562952014676113
522   0.9562952014676113
522   0.9562952014676114
523   -0.9600005562941204
523   -0.9600005562941203
523   0.9600005562941203
523   0.9600005562941204
524   -0.9635433881511173
524   -0.9635433881511173
524   0.9635433881511173
524   0.9635433881511173
525   -0.9669234032674843
525   -0.9669234032674843
525   0.9669234032674843
525   0.9669234032674843
526   -0.970140321372845
526   -0.9701403213728449
526   0.9701403213728449
526   0.970140321372845
527   -0.9731938757208041
527   -0.973193875720804
527   0.973193875720804
527   0.9731938757208041
528   -0.976083813111066
528   -0.9760838131110658
528   0.9760838131110658
528   0.976083813111066
529   -0.9788098939104302
529   -0.97880989391043
529   0.97880989391043
529   0.9788098939104302
530   -0.9813718920726615
530   -0.9813718920726614
530   0.9813718920726614
530   0.9813718920726615
531   -0.9837695951572341
531   -0.983769595157234
531   0.983769595157234
531   0.9837695951572341
532   -0.9860028043469462
532   -0.9860028043469462
532   0.9860028043469462
532   0.9860028043469462
533   -0.9880713344644073
533   -0.9880713344644073
533   0.9880713344644073
533   0.9880713344644073
534   -0.9899750139873918
534   -0.9899750139873917
534   0.9899750139873917
534   0.9899750139873918
535   -0.9917136850630627
535   -0.9917136850630626
535   0.9917136850630626
535   0.9917136850630627
536   -0.993287203521059
536   -0.9932872035210589
536   0.9932872035210589
536   0.993287203521059
537   -0.9946954388854532
537   -0.9946954388854531
537   0.9946954388854531
537   0.9946954388854532
538   -0.9959382743855668
538   -0.9959382743855668
538   0.9959382743855668
538   0.9959382743855668
539   -0.9970156069656559
539   -0.9970156069656558
539   0.9970156069656558
539   0.9970156069656559
540   -0.9979273472934552
540   -0.9979273472934552
540   0.9979273472934552
540   0.9979273472934552
541   -0.998673419767585
541   -0.998673419767585
541   0.998673419767585
541   0.998673419767585
542   -0.9992537625238213
542   -0.9992537625238213
542   0.9992537625238213
542   0.9992537625238213
543   -0.9996683274402247
543   -0.9996683274402245
543   0.9996683274402245
543   0.9996683274402247
544   -0.9999170801411305
544   -0.9999170801411303
544   0.9999170801411303
544   0.9999170801411305
545   -1.0
545   -1.0
545   1.0
545   1.0
