-3.5     0.3807253052514153
-3.482456140350877     0.3941624130778408
-3.4649122807017543     0.40853326585954397
-3.4473684210526314     0.42393996971331643
-3.4298245614035086     0.44050020907500687
-3.412280701754386     0.458350343369363
-3.3947368421052633     0.4776492722951589
-3.3771929824561404     0.49858330121796984
-3.3596491228070176     0.5213723210453193
-3.3421052631578947     0.5462777345763307
-3.324561403508772     0.5736127305010547
-3.307017543859649     0.6037557531416685
-3.2894736842105265     0.6371683820566396
-3.2719298245614037     0.6744193873921344
-3.254385964912281     0.7162175737018267
-3.236842105263158     0.7634573499663976
-3.219298245614035     0.8172830798645291
-3.2017543859649122     0.8791817211816142
-3.1842105263157894     0.9511190334571106
-3.1666666666666665     1.0357444971081569
-3.1491228070175437     1.1367073321505694
-3.1315789473684212     1.259156725475053
-3.1140350877192984     1.4105545984754386
-3.0964912280701755     1.6020269029284344
-3.0789473684210527     1.8506372613731112
-3.06140350877193     2.1831346834359495
-3.043859649122807     2.641404753145988
-3.026315789473684     3.2863796535365206
-3.0087719298245617     4.18128751198842
-2.9912280701754383     5.305940494392705
-2.973684210526316     6.454170353808431
-2.956140350877193     7.437638608024376
-2.93859649122807     8.299859469825803
-2.9210526315789473     9.008649920181034
-2.9035087719298245     9.424398990303077
-2.885964912280702     9.64586903166834
-2.8684210526315788     9.91442367987791
-2.8508771929824563     10.35446424639807
-2.8333333333333335     10.836227268320654
-2.8157894736842106     11.080314049499204
-2.7982456140350878     11.04761195740852
-2.780701754385965     10.930116247167645
-2.763157894736842     10.904838106395358
-2.745614035087719     11.081483495528994
-2.7280701754385968     11.492160366650252
-2.7105263157894735     11.990186037424547
-2.692982456140351     12.26595144354196
-2.675438596491228     12.211501232951353
-2.6578947368421053     11.988795240099128
-2.6403508771929824     11.766171603173579
-2.6228070175438596     11.640773431254527
-2.605263157894737     11.676800582270507
-2.587719298245614     11.930106750587994
-2.5701754385964914     12.410692435581122
-2.5526315789473686     12.956600042721126
-2.5350877192982457     13.250189751084735
-2.517543859649123     13.188888135660317
-2.5     12.937002150252795
-2.482456140350877     12.655976275227871
-2.4649122807017543     12.428990670506904
-2.447368421052632     12.29935168794558
-2.4298245614035086     12.304197227027423
-2.412280701754386     12.490212993463171
-2.3947368421052633     12.902481007656853
-2.3771929824561404     13.5012202553834
-2.3596491228070176     14.033817838131238
-2.3421052631578947     14.21166156526565
-2.3245614035087723     14.061300604005543
-2.307017543859649     13.77386638425629
-2.2894736842105265     13.478759162245664
-2.2719298245614037     13.233615573476701
-2.254385964912281     13.065006880311467
-2.236842105263158     12.994813430845529
-2.219298245614035     13.053941170069242
-2.2017543859649122     13.288163228254588
-2.1842105263157894     13.746439492539523
-2.166666666666667     14.399436360050402
-2.1491228070175437     15.000709440625856
-2.1315789473684212     15.23894599672636
-2.1140350877192984     15.117714207487673
-2.0964912280701755     14.833345927163121
-2.0789473684210527     14.525504167418475
-2.06140350877193     14.254267110968728
-2.0438596491228074     14.043570732476343
-2.026315789473684     13.907222864710276
-2.0087719298245617     13.861662838959196
-1.9912280701754388     13.934210638584844
-1.973684210526316     14.169173669991961
-1.956140350877193     14.62235650636647
-1.9385964912280702     15.303080447442774
-1.9210526315789473     16.026740899723595
-1.9035087719298247     16.436322624115284
-1.8859649122807018     16.42290192386919
-1.868421052631579     16.17145608885624
-1.8508771929824563     15.856977882535729
-1.8333333333333335     15.562437710581891
-1.8157894736842106     15.318188147874036
-1.7982456140350878     15.136945472886625
-1.780701754385965     15.02810396729649
-1.7631578947368423     15.006903391791303
-1.7456140350877194     15.099216437854563
-1.7280701754385965     15.348958544506873
-1.710526315789474     15.817137815024815
-1.692982456140351     16.54095483160891
-1.6754385964912282     17.392716876152228
-1.6578947368421053     17.99888828605582
-1.6403508771929824     18.128602895155826
-1.6228070175438598     17.930674183727074
-1.605263157894737     17.620654967421732
-1.587719298245614     17.31270261901933
-1.5701754385964914     17.050723896873993
-1.5526315789473686     16.849919609660734
-1.5350877192982457     16.71899293600255
-1.5175438596491229     16.667829135262767
-1.5     16.714983442454866
-1.4824561403508771     16.892765833351987
-1.4649122807017543     17.253622582930202
-1.4473684210526319     17.87186517757245
-1.429824561403509     18.789838527043383
-1.4122807017543861     19.853838954960835
-1.3947368421052633     20.621466653147674
-1.3771929824561404     20.82924788023904
-1.3596491228070176     20.65787273163372
-1.3421052631578947     20.359640968052016
-1.3245614035087723     20.068734691422346
-1.3070175438596494     19.835896584614954
-1.2894736842105265     19.681770631274517
-1.2719298245614037     19.61687156950976
-1.2543859649122808     19.656955783873034
-1.236842105263158     19.826452112046415
-1.219298245614035     20.16915614650713
-1.2017543859649122     20.756643844869895
-1.1842105263157894     21.69746611735377
-1.166666666666667     23.104037088179368
-1.149122807017544     24.91304008517002
-1.1315789473684212     26.595697325458808
-1.1140350877192984     27.506188675628945
-1.0964912280701755     27.676077836572468
-1.0789473684210527     27.51682382071588
-1.0614035087719298     27.311823935468155
-1.0438596491228074     27.174107981499855
-1.0263157894736845     27.12279533978287
-1.0087719298245617     27.113532344805243
-0.9912280701754388     27.04611392437028
-0.9736842105263159     26.8534438625581
-0.9561403508771931     26.61060522873295
-0.9385964912280702     26.37631148885048
-0.9210526315789473     26.09138154174237
-0.9035087719298245     25.724443460715978
-0.8859649122807021     25.15747091029915
-0.8684210526315792     24.042343121673742
-0.8508771929824563     22.25175686770425
-0.8333333333333335     20.234630534302788
-0.8157894736842106     18.48080679796459
-0.7982456140350878     17.193861385999632
-0.7807017543859649     16.344731337282564
-0.7631578947368425     15.813811894565102
-0.7456140350877196     15.47511535457033
-0.7280701754385968     15.192672158433359
-0.7105263157894739     14.84130110585203
-0.692982456140351     14.420399438975961
-0.6754385964912282     14.070698040653769
-0.6578947368421053     13.872458177101288
-0.6403508771929824     13.790284558383092
-0.6228070175438596     13.707768622921064
-0.6052631578947372     13.4275350980948
-0.5877192982456143     12.791095846955356
-0.5701754385964914     11.896052746572684
-0.5526315789473686     10.94355167139959
-0.5350877192982457     10.055382471004021
-0.5175438596491229     9.344235458840172
-0.5     8.847105503322725
-0.4824561403508776     8.52794783928671
-0.4649122807017547     8.33928291873613
-0.44736842105263186     8.24550432908425
-0.429824561403509     8.22124486274236
-0.41228070175438614     8.237281781160593
-0.3947368421052633     8.244168252158675
-0.3771929824561404     8.14814709792947
-0.35964912280701755     7.848822948132069
-0.3421052631578947     7.326599256348417
-0.3245614035087723     6.639818876730035
-0.3070175438596494     5.936057141962535
-0.28947368421052655     5.366553429332989
-0.2719298245614037     4.964612426241834
-0.2543859649122808     4.694809047511779
-0.23684210526315796     4.516525512383506
-0.2192982456140351     4.399555840920178
-0.20175438596491269     4.317092963285263
-0.18421052631578982     4.234218654749258
-0.16666666666666696     4.097469956221543
-0.1491228070175441     3.8655219420504303
-0.13157894736842124     3.579689059369209
-0.11403508771929838     3.311310277310818
-0.09649122807017552     3.0589890963336734
-0.07894736842105265     2.781245785403329
-0.06140350877192979     2.491940815689034
-0.043859649122807376     2.256309697805139
-0.026315789473684514     2.1054854235916007
-0.008771929824561653     2.0345120621819164
0.008771929824561209     2.0345120621819164
0.02631578947368407     2.1054854235915985
0.04385964912280693     2.2563096978051362
0.06140350877192979     2.4919408156890386
0.07894736842105221     2.7812457854033257
0.09649122807017507     3.0589890963336703
0.11403508771929793     3.3113102773108074
0.1315789473684208     3.579689059369196
0.14912280701754366     3.8655219420504223
0.16666666666666652     4.097469956221538
0.18421052631578938     4.234218654749249
0.20175438596491224     4.317092963285249
0.2192982456140351     4.399555840920175
0.23684210526315752     4.516525512383492
0.2543859649122804     4.694809047511766
0.27192982456140324     4.964612426241813
0.2894736842105261     5.366553429332969
0.30701754385964897     5.936057141962518
0.32456140350877183     6.639818876730016
0.3421052631578947     7.3265992563484
0.3596491228070171     7.84882294813204
0.37719298245613997     8.148147097929465
0.39473684210526283     8.244168252158662
0.4122807017543857     8.237281781160602
0.42982456140350855     8.221244862742354
0.4473684210526314     8.245504329084262
0.4649122807017543     8.339282918736155
0.48245614035087714     8.527947839286718
0.5     8.847105503322725
0.5175438596491224     9.34423545884016
0.5350877192982457     10.055382471004005
0.5526315789473681     10.943551671399534
0.5701754385964914     11.896052746572682
0.5877192982456139     12.791095846955331
0.6052631578947363     13.427535098094777
0.6228070175438596     13.707768622921064
0.640350877192982     13.790284558383117
0.6578947368421053     13.872458177101297
0.6754385964912277     14.070698040653786
0.692982456140351     14.420399438975995
0.7105263157894735     14.84130110585203
0.7280701754385959     15.192672158433307
0.7456140350877192     15.47511535457031
0.7631578947368416     15.813811894565061
0.7807017543859649     16.34473133728258
0.7982456140350873     17.193861385999625
0.8157894736842106     18.480806797964576
0.833333333333333     20.23463053430276
0.8508771929824555     22.251756867704184
0.8684210526315788     24.0423431216737
0.8859649122807012     25.157470910299065
0.9035087719298245     25.724443460715953
0.9210526315789469     26.09138154174238
0.9385964912280702     26.376311488850472
0.9561403508771926     26.610605228732968
0.9736842105263159     26.85344386255815
0.9912280701754383     27.04611392437026
1.0087719298245608     27.113532344805225
1.026315789473684     27.12279533978287
1.0438596491228065     27.174107981499912
1.0614035087719298     27.311823935468183
1.0789473684210522     27.51682382071591
1.0964912280701755     27.67607783657247
1.114035087719298     27.506188675628938
1.1315789473684212     26.595697325458783
1.1491228070175437     24.91304008517008
1.166666666666666     23.10403708817944
1.1842105263157894     21.697466117353795
1.2017543859649118     20.75664384486996
1.219298245614035     20.169156146507092
1.2368421052631575     19.826452112046464
1.2543859649122808     19.65695578387302
1.2719298245614032     19.61687156950976
1.2894736842105257     19.681770631274535
1.307017543859649     19.835896584615
1.3245614035087714     20.068734691422375
1.3421052631578947     20.359640968052
1.359649122807017     20.65787273163375
1.3771929824561404     20.829247880239024
1.3947368421052628     20.62146665314766
1.4122807017543852     19.853838954960874
1.4298245614035086     18.7898385270434
1.447368421052631     17.871865177572488
1.4649122807017543     17.25362258293019
1.4824561403508767     16.892765833351998
1.5     16.71498344245484
1.5175438596491224     16.667829135262757
1.5350877192982457     16.718992936002564
1.5526315789473681     16.849919609660624
1.5701754385964906     17.05072389687399
1.5877192982456139     17.312702619019355
1.6052631578947363     17.62065496742172
1.6228070175438596     17.93067418372709
1.640350877192982     18.12860289515581
1.6578947368421053     17.998888286055813
1.6754385964912277     17.39271687615226
1.692982456140351     16.540954831608897
1.7105263157894735     15.81713781502484
1.7280701754385959     15.3489585445069
1.7456140350877192     15.099216437854585
1.7631578947368416     15.006903391791287
1.780701754385965     15.028103967296467
1.7982456140350873     15.136945472886637
1.8157894736842106     15.31818814787405
1.833333333333333     15.562437710581886
1.8508771929824555     15.856977882535713
1.8684210526315788     16.17145608885628
1.8859649122807012     16.422901923869176
1.9035087719298245     16.436322624115295
1.921052631578947     16.02674089972361
1.9385964912280702     15.303080447442749
1.9561403508771926     14.62235650636645
1.973684210526315     14.169173669991935
1.9912280701754383     13.93421063858486
2.0087719298245608     13.861662838959237
2.026315789473684     13.907222864710251
2.0438596491228065     14.043570732476343
2.06140350877193     14.254267110968746
2.078947368421052     14.52550416741845
2.0964912280701755     14.83334592716312
2.114035087719298     15.117714207487658
2.1315789473684204     15.238945996726287
2.1491228070175437     15.000709440625776
2.166666666666666     14.399436360050418
2.1842105263157894     13.746439492539517
2.201754385964912     13.288163228254602
2.219298245614035     13.053941170069248
2.2368421052631575     12.994813430845479
2.254385964912281     13.065006880311469
2.2719298245614032     13.233615573476696
2.2894736842105257     13.478759162245588
2.307017543859649     13.773866384256275
2.3245614035087714     14.06130060400553
2.3421052631578947     14.211661565265647
2.359649122807017     14.033817838131277
2.3771929824561404     13.501220255383403
2.394736842105263     12.90248100765689
2.4122807017543852     12.490212993463226
2.4298245614035086     12.30419722702743
2.447368421052631     12.299351687945563
2.4649122807017543     12.428990670506913
2.4824561403508767     12.655976275227866
2.5     12.937002150252841
2.5175438596491224     13.188888135660353
2.535087719298245     13.250189751084749
2.552631578947368     12.956600042721128
2.5701754385964906     12.410692435581126
2.587719298245614     11.930106750587962
2.6052631578947363     11.676800582270495
2.6228070175438596     11.640773431254518
2.640350877192982     11.766171603173573
2.6578947368421053     11.988795240099137
2.6754385964912277     12.21150123295134
2.69298245614035     12.265951443541944
2.7105263157894735     11.990186037424515
2.728070175438596     11.492160366650253
2.745614035087719     11.081483495528992
2.7631578947368416     10.904838106395339
2.780701754385965     10.930116247167645
2.7982456140350873     11.047611957408506
2.8157894736842106     11.080314049499213
2.833333333333333     10.836227268320663
2.8508771929824555     10.354464246398106
2.8684210526315788     9.914423679877894
2.885964912280701     9.645869031668356
2.9035087719298245     9.424398990303104
2.921052631578947     9.008649920181051
2.93859649122807     8.29985946982579
2.9561403508771926     7.437638608024378
2.973684210526315     6.454170353808463
2.9912280701754383     5.305940494392706
3.0087719298245608     4.1812875119884625
3.026315789473684     3.286379653536512
3.0438596491228065     2.641404753145997
3.06140350877193     2.1831346834359495
3.078947368421052     1.8506372613731155
3.0964912280701746     1.6020269029284453
3.114035087719298     1.4105545984754428
3.1315789473684204     1.2591567254750573
3.1491228070175437     1.136707332150569
3.166666666666666     1.0357444971081569
3.1842105263157894     0.9511190334571078
3.201754385964912     0.879181721181617
3.219298245614035     0.8172830798645284
3.2368421052631575     0.7634573499663978
3.25438596491228     0.7162175737018278
3.2719298245614032     0.674419387392134
3.2894736842105257     0.6371683820566421
3.307017543859649     0.6037557531416687
3.3245614035087714     0.5736127305010554
3.3421052631578947     0.5462777345763306
3.359649122807017     0.5213723210453188
3.3771929824561404     0.4985833012179702
3.394736842105263     0.4776492722951599
3.4122807017543852     0.45835034336936364
3.4298245614035086     0.44050020907500653
3.447368421052631     0.42393996971331754
3.4649122807017543     0.4085332658595441
3.4824561403508767     0.3941624130778414
3.5     0.3807253052514152
