# x,  y, local density of states
-8.227241335952169   7.0   12.6575847105663
-7.361215932167729   6.5   0.004242508966250684
-7.361215932167729   5.5   2.406561389609476
-8.227241335952169   5.0   0.00737574307586452
-8.227241335952169   4.0   0.9228763023080451
-7.361215932167729   3.5   0.012712226692805917
-7.361215932167729   2.5   0.3562716333793723
-8.227241335952169   2.0   0.025197581360460547
-8.227241335952169   1.0   0.13981824297436451
-7.361215932167729   0.5   0.057024075132110844
-7.361215932167729   -0.5   0.0570240751321102
-8.227241335952169   -1.0   0.1398182429743653
-8.227241335952169   -2.0   0.025197581360460436
-7.361215932167729   -2.5   0.3562716333793732
-7.361215932167729   -3.5   0.01271222669280583
-8.227241335952169   -4.0   0.9228763023080468
-8.227241335952169   -5.0   0.0073757430758645244
-7.361215932167729   -5.5   2.4065613896094775
-7.361215932167729   -6.5   0.00424250896625071
-8.227241335952169   -7.0   12.657584710566335
-6.495190528383291   7.0   12.6575847105663
-5.6291651245988525   6.5   0.004242508966250684
-5.6291651245988525   5.5   2.406561389609476
-6.495190528383291   5.0   0.00737574307586452
-6.495190528383291   4.0   0.9228763023080451
-5.6291651245988525   3.5   0.012712226692805917
-5.6291651245988525   2.5   0.3562716333793723
-6.495190528383291   2.0   0.025197581360460547
-6.495190528383291   1.0   0.13981824297436451
-5.6291651245988525   0.5   0.057024075132110844
-5.6291651245988525   -0.5   0.0570240751321102
-6.495190528383291   -1.0   0.1398182429743653
-6.495190528383291   -2.0   0.025197581360460436
-5.6291651245988525   -2.5   0.3562716333793732
-5.6291651245988525   -3.5   0.01271222669280583
-6.495190528383291   -4.0   0.9228763023080468
-6.495190528383291   -5.0   0.0073757430758645244
-5.6291651245988525   -5.5   2.4065613896094775
-5.6291651245988525   -6.5   0.00424250896625071
-6.495190528383291   -7.0   12.657584710566335
-4.763139720814413   7.0   12.6575847105663
-3.8971143170299753   6.5   0.004242508966250684
-3.8971143170299753   5.5   2.406561389609476
-4.763139720814413   5.0   0.00737574307586452
-4.763139720814413   4.0   0.9228763023080451
-3.8971143170299753   3.5   0.012712226692805917
-3.8971143170299753   2.5   0.3562716333793723
-4.763139720814413   2.0   0.025197581360460547
-4.763139720814413   1.0   0.13981824297436451
-3.8971143170299753   0.5   0.057024075132110844
-3.8971143170299753   -0.5   0.0570240751321102
-4.763139720814413   -1.0   0.1398182429743653
-4.763139720814413   -2.0   0.025197581360460436
-3.8971143170299753   -2.5   0.3562716333793732
-3.8971143170299753   -3.5   0.01271222669280583
-4.763139720814413   -4.0   0.9228763023080468
-4.763139720814413   -5.0   0.0073757430758645244
-3.8971143170299753   -5.5   2.4065613896094775
-3.8971143170299753   -6.5   0.00424250896625071
-4.763139720814413   -7.0   12.657584710566335
-3.0310889132455365   7.0   12.6575847105663
-2.1650635094610973   6.5   0.004242508966250684
-2.1650635094610973   5.5   2.406561389609476
-3.0310889132455365   5.0   0.00737574307586452
-3.0310889132455365   4.0   0.9228763023080451
-2.1650635094610973   3.5   0.012712226692805917
-2.1650635094610973   2.5   0.3562716333793723
-3.0310889132455365   2.0   0.025197581360460547
-3.0310889132455365   1.0   0.13981824297436451
-2.1650635094610973   0.5   0.057024075132110844
-2.1650635094610973   -0.5   0.0570240751321102
-3.0310889132455365   -1.0   0.1398182429743653
-3.0310889132455365   -2.0   0.025197581360460436
-2.1650635094610973   -2.5   0.3562716333793732
-2.1650635094610973   -3.5   0.01271222669280583
-3.0310889132455365   -4.0   0.9228763023080468
-3.0310889132455365   -5.0   0.0073757430758645244
-2.1650635094610973   -5.5   2.4065613896094775
-2.1650635094610973   -6.5   0.00424250896625071
-3.0310889132455365   -7.0   12.657584710566335
-1.2990381056766598   7.0   12.6575847105663
-0.4330127018922205   6.5   0.004242508966250684
-0.4330127018922205   5.5   2.406561389609476
-1.2990381056766598   5.0   0.00737574307586452
-1.2990381056766598   4.0   0.9228763023080451
-0.4330127018922205   3.5   0.012712226692805917
-0.4330127018922205   2.5   0.3562716333793723
-1.2990381056766598   2.0   0.025197581360460547
-1.2990381056766598   1.0   0.13981824297436451
-0.4330127018922205   0.5   0.057024075132110844
-0.4330127018922205   -0.5   0.0570240751321102
-1.2990381056766598   -1.0   0.1398182429743653
-1.2990381056766598   -2.0   0.025197581360460436
-0.4330127018922205   -2.5   0.3562716333793732
-0.4330127018922205   -3.5   0.01271222669280583
-1.2990381056766598   -4.0   0.9228763023080468
-1.2990381056766598   -5.0   0.0073757430758645244
-0.4330127018922205   -5.5   2.4065613896094775
-0.4330127018922205   -6.5   0.00424250896625071
-1.2990381056766598   -7.0   12.657584710566335
0.43301270189221786   7.0   12.6575847105663
1.2990381056766553   6.5   0.004242508966250684
1.2990381056766553   5.5   2.406561389609476
0.43301270189221786   5.0   0.00737574307586452
0.43301270189221786   4.0   0.9228763023080451
1.2990381056766553   3.5   0.012712226692805917
1.2990381056766553   2.5   0.3562716333793723
0.43301270189221786   2.0   0.025197581360460547
0.43301270189221786   1.0   0.13981824297436451
1.2990381056766553   0.5   0.057024075132110844
1.2990381056766553   -0.5   0.0570240751321102
0.43301270189221786   -1.0   0.1398182429743653
0.43301270189221786   -2.0   0.025197581360460436
1.2990381056766553   -2.5   0.3562716333793732
1.2990381056766553   -3.5   0.01271222669280583
0.43301270189221786   -4.0   0.9228763023080468
0.43301270189221786   -5.0   0.0073757430758645244
1.2990381056766553   -5.5   2.4065613896094775
1.2990381056766553   -6.5   0.00424250896625071
0.43301270189221786   -7.0   12.657584710566335
2.1650635094610964   7.0   12.6575847105663
3.031088913245534   6.5   0.004242508966250684
3.031088913245534   5.5   2.406561389609476
2.1650635094610964   5.0   0.00737574307586452
2.1650635094610964   4.0   0.9228763023080451
3.031088913245534   3.5   0.012712226692805917
3.031088913245534   2.5   0.3562716333793723
2.1650635094610964   2.0   0.025197581360460547
2.1650635094610964   1.0   0.13981824297436451
3.031088913245534   0.5   0.057024075132110844
3.031088913245534   -0.5   0.0570240751321102
2.1650635094610964   -1.0   0.1398182429743653
2.1650635094610964   -2.0   0.025197581360460436
3.031088913245534   -2.5   0.3562716333793732
3.031088913245534   -3.5   0.01271222669280583
2.1650635094610964   -4.0   0.9228763023080468
2.1650635094610964   -5.0   0.0073757430758645244
3.031088913245534   -5.5   2.4065613896094775
3.031088913245534   -6.5   0.00424250896625071
2.1650635094610964   -7.0   12.657584710566335
3.897114317029973   7.0   12.6575847105663
4.763139720814411   6.5   0.004242508966250684
4.763139720814411   5.5   2.406561389609476
3.897114317029973   5.0   0.00737574307586452
3.897114317029973   4.0   0.9228763023080451
4.763139720814411   3.5   0.012712226692805917
4.763139720814411   2.5   0.3562716333793723
3.897114317029973   2.0   0.025197581360460547
3.897114317029973   1.0   0.13981824297436451
4.763139720814411   0.5   0.057024075132110844
4.763139720814411   -0.5   0.0570240751321102
3.897114317029973   -1.0   0.1398182429743653
3.897114317029973   -2.0   0.025197581360460436
4.763139720814411   -2.5   0.3562716333793732
4.763139720814411   -3.5   0.01271222669280583
3.897114317029973   -4.0   0.9228763023080468
3.897114317029973   -5.0   0.0073757430758645244
4.763139720814411   -5.5   2.4065613896094775
4.763139720814411   -6.5   0.00424250896625071
3.897114317029973   -7.0   12.657584710566335
5.62916512459885   7.0   12.6575847105663
6.495190528383287   6.5   0.004242508966250684
6.495190528383287   5.5   2.406561389609476
5.62916512459885   5.0   0.00737574307586452
5.62916512459885   4.0   0.9228763023080451
6.495190528383287   3.5   0.012712226692805917
6.495190528383287   2.5   0.3562716333793723
5.62916512459885   2.0   0.025197581360460547
5.62916512459885   1.0   0.13981824297436451
6.495190528383287   0.5   0.057024075132110844
6.495190528383287   -0.5   0.0570240751321102
5.62916512459885   -1.0   0.1398182429743653
5.62916512459885   -2.0   0.025197581360460436
6.495190528383287   -2.5   0.3562716333793732
6.495190528383287   -3.5   0.01271222669280583
5.62916512459885   -4.0   0.9228763023080468
5.62916512459885   -5.0   0.0073757430758645244
6.495190528383287   -5.5   2.4065613896094775
6.495190528383287   -6.5   0.00424250896625071
5.62916512459885   -7.0   12.657584710566335
7.361215932167727   7.0   12.6575847105663
8.227241335952165   6.5   0.004242508966250684
8.227241335952165   5.5   2.406561389609476
7.361215932167727   5.0   0.00737574307586452
7.361215932167727   4.0   0.9228763023080451
8.227241335952165   3.5   0.012712226692805917
8.227241335952165   2.5   0.3562716333793723
7.361215932167727   2.0   0.025197581360460547
7.361215932167727   1.0   0.13981824297436451
8.227241335952165   0.5   0.057024075132110844
8.227241335952165   -0.5   0.0570240751321102
7.361215932167727   -1.0   0.1398182429743653
7.361215932167727   -2.0   0.025197581360460436
8.227241335952165   -2.5   0.3562716333793732
8.227241335952165   -3.5   0.01271222669280583
7.361215932167727   -4.0   0.9228763023080468
7.361215932167727   -5.0   0.0073757430758645244
8.227241335952165   -5.5   2.4065613896094775
8.227241335952165   -6.5   0.00424250896625071
7.361215932167727   -7.0   12.657584710566335
